SNID-SAGE Analysis Results
Generated: 2025-07-13 15:25:41
============================================================

🔬 SNID CLASSIFICATION RESULTS
==================================================

🎯 FINAL CLASSIFICATION (Automatic Method):
   Type: II (Quality: Medium)
   Confidence Level: High
   └─ Winning type is 270.1% better than second best (II)
   Subtype: IIn (confidence: Medium)
   └─ Winning subtype is 34.6% better than second best (IIP)

📏 MEASUREMENTS:
   Redshift: 0.002150 ± 0.000147
   └─ Weighted from 133 cluster templates (includes individual errors + cluster scatter τ)
   Age: 64 ± 75 days

📈 CLUSTERING OVERVIEW:
   Total Clusters Found: 3
   Active Cluster: II
   Other Clusters: II (12), II (1)

🏆 TEMPLATE MATCHES (from Best Cluster (Auto-Selected)):
#   Template           Type     Subtype    RLAP-Cos     Redshift         ±Error         Age     
---------------------------------------------------------------------------------------------------------
1   sn1998S_epoch_0    II       IIn        15.6         0.002365         0.000283       -13.1   
2   sn1998S_epoch_1    II       IIn        9.2          0.002382         0.000459       -12.5   
3   sn2016cvk_epoch_0  II       IIP        7.8          0.001751         0.000469       77.0    
4   sn2016cvk_epoch_1  II       IIP        6.5          0.000829         0.000501       82.0    
5   sn2018khh_epoch_0  II       IIn        6.3          0.001035         0.000375       10.0    
6   ASASSN-14il_epoch  II       IIn        5.9          0.001451         0.000480       26.0    
7   sn2016cvk_epoch_2  II       IIP        5.8          0.000552         0.000470       92.0    
8   sn2016cvk_epoch_5  II       IIP        5.8          0.000667         0.000597       134.0   
9   sn2016cvk_epoch_4  II       IIP        5.8          0.000311         0.000503       111.0   
10  sn2016cvk_epoch_3  II       IIP        5.7          0.000174         0.000484       104.0   
11  sn2009ip_epoch_0   II       IIn        5.7          0.001474         0.000488       14.0    
12  sn2009ip_epoch_1   II       IIn        5.6          0.001730         0.000485       15.0    
13  sn2014es_epoch_0   II       IIn        5.5          0.001804         0.000469       4.0     
14  sn2017hcc_epoch_1  II       IIn        5.5          0.001624         0.000503       0.0     
15  sn2016cvk_epoch_6  II       IIP        5.5          0.000394         0.000618       150.0   
16  sn2016aiy_epoch_0  II       IIP        5.5          0.002118         0.000482       -6.0    
17  sn2017aww_epoch_0  II       IIP        5.4          0.002676         0.000431       -35.0   
18  ASASSN-14il_epoch  II       IIn        5.3          0.001759         0.000543       3.0     
19  sn2017hcc_epoch_0  II       IIn        5.2          0.002308         0.000546       -18.0   
20  sn2013am_epoch_4   II       IIP        5.1          0.001497         0.000493       206.0   
21  sn2017jei_epoch_0  II       IIP        5.1          0.002846         0.000509       -10.0   
22  sn2019asz_epoch_0  II       IIP        5.0          0.003548         0.000635       1.0     
23  sn2009ip_epoch_2   II       IIn        5.0          0.001587         0.000521       20.0    
24  sn2017hrq_epoch_0  II       IIP        4.9          0.003562         0.000539       -7.0    
25  LSQ12hxg_epoch_3   II       IIn        4.9          0.002545         0.000560       47.0    
26  sn2014es_epoch_1   II       IIn        4.9          0.001520         0.000524       11.0    
27  sn2017hcc_epoch_2  II       IIn        4.8          0.001348         0.000570       16.0    
28  sn2017hrq_epoch_1  II       IIP        4.7          0.003349         0.000543       -5.0    
29  sn2017aww_epoch_1  II       IIP        4.6          0.002691         0.000454       -34.0   
30  SSS130221-13_epoc  II       IIn        4.6          0.002363         0.000582       15.0    
31  sn2016enp_epoch_5  II       IIP        4.4          0.000996         0.000530       93.0    
32  ASASSN-14il_epoch  II       IIn        4.3          0.002604         0.000691       86.0    
33  sn2009ip_epoch_3   II       IIn        4.3          0.001317         0.000595       21.0    
34  OGLE2013sn01_epoc  II       IIn        4.3          0.000695         0.000536       11.0    
35  OGLE2013sn01_epoc  II       IIn        4.2          0.001133         0.000528       6.0     
36  sn2016aqf_epoch_4  II       IIP        4.1          -0.000326        0.000568       155.0   
37  sn2017gir_epoch_1  II       IIn        4.1          0.003803         0.000602       -17.0   
38  LSQ14pt            II       IIn        4.0          0.001517         0.000579       7.0     
39  sn2005cs_epoch_0   II       IIP        4.0          0.004243         0.001013       -1.9    
40  SSS130221-13_epoc  II       IIn        4.0          0.001895         0.000660       0.0     
41  sn2016enp_epoch_4  II       IIP        3.9          0.002019         0.000540       64.0    
42  sn2016enp_epoch_3  II       IIP        3.9          0.002577         0.000559       53.0    
43  sn2016iyd_epoch_1  II       IIP        3.8          0.001089         0.000611       2.0     
44  sn2017hrq_epoch_2  II       IIP        3.8          0.003720         0.000654       11.0    
45  sn2017aww_epoch_2  II       IIP        3.7          0.002469         0.000486       -28.0   
46  sn2017gir_epoch_0  II       IIn        3.7          0.003298         0.000715       -20.0   
47  sn2016iyd_epoch_0  II       IIP        3.7          0.001260         0.000548       1.0     
48  ASASSN-14ha_epoch  II       IIP        3.7          0.003470         0.000657       12.0    
49  LSQ12heq_epoch_1   II       IIn        3.7          0.001326         0.000582       10.0    
50  sn2018eph_epoch_2  II       IIP        3.7          0.001336         0.000573       16.0    
51  ASASSN-14ha_epoch  II       IIP        3.6          0.003783         0.000669       14.0    
52  ASASSN-14ha_epoch  II       IIP        3.6          0.003303         0.000658       5.0     
53  sn2016aqf_epoch_5  II       IIP        3.6          -0.000535        0.000556       202.0   
54  sn2017hcc_epoch_3  II       IIn        3.6          0.001842         0.000811       48.0    
55  LSQ12hxg_epoch_1   II       IIn        3.6          0.002611         0.000737       12.0    
56  sn1999gi_epoch_2   II       IIP        3.6          0.001331         0.000656       160.4   
57  sn2016iyd_epoch_2  II       IIP        3.6          0.001081         0.000609       3.0     
58  sn2018ivc_epoch_2  II       II-pec     3.6          0.002064         0.000614       51.0    
59  SSS130221-13_epoc  II       IIn        3.6          0.002290         0.000688       42.0    
60  sn2017gir_epoch_2  II       IIn        3.6          0.003182         0.000654       13.0    
61  sn2014cx_epoch_7   II       IIP        3.6          0.001146         0.000781       116.0   
62  sn2013ai_epoch_0   II       IIP        3.5          0.001607         0.000602       8.0     
63  sn2018fus_epoch_3  II       IIP        3.5          0.000404         0.000665       65.0    
64  sn2016aiy_epoch_2  II       IIP        3.4          0.000233         0.000879       43.0    
65  sn2016aqf_epoch_6  II       IIP        3.4          -0.000175        0.000582       220.0   
66  LSQ12hxg_epoch_0   II       IIn        3.4          0.002542         0.000628       9.0     
67  PS15cww_epoch_1    II       IIP        3.3          0.002280         0.000621       18.0    
68  sn2018jkb_epoch_1  II       IIP        3.3          0.000844         0.000745       -2.0    
69  ASASSN-14ha_epoch  II       IIP        3.3          0.003762         0.000710       5.0     
70  sn2014dq_epoch_5   II       IIP        3.3          0.002783         0.000703       52.0    
71  sn2016cvk_epoch_7  II       IIP        3.3          0.002105         0.000891       165.0   
72  sn2016aqf_epoch_3  II       IIP        3.3          0.001182         0.000754       54.0    
73  sn2017aww_epoch_3  II       IIP        3.3          0.000462         0.000567       -19.0   
74  sn2016hmq_epoch_3  II       IIP        3.3          0.002818         0.000802       74.0    
75  sn2016aqf_epoch_1  II       IIP        3.2          0.002084         0.000798       44.0    
76  sn2015ch_epoch_6   II       IIP        3.2          -0.001698        0.001152       73.0    
77  sn2014es_epoch_2   II       IIn        3.2          0.001320         0.000747       23.0    
78  sn1999gi_epoch_10  II       IIP        3.1          0.001377         0.000738       144.4   
79  sn2016hmq_epoch_2  II       IIP        3.1          0.004384         0.000892       55.0    
80  sn2014dq_epoch_4   II       IIP        3.1          0.003827         0.000864       33.0    
81  sn2015ch_epoch_4   II       IIP        3.0          0.002588         0.001405       31.0    
82  sn2018fus_epoch_2  II       IIP        3.0          0.001963         0.000842       38.0    
83  sn2018khh_epoch_1  II       IIn        3.0          0.001921         0.000790       20.0    
84  ASASSN-14ha_epoch  II       IIP        3.0          0.004566         0.000718       21.0    
85  sn2015ch_epoch_5   II       IIP        3.0          0.002251         0.001405       31.0    
86  sn2014dq_epoch_3   II       IIP        3.0          0.004202         0.000970       26.0    
87  sn2016hmq_epoch_1  II       IIP        2.9          0.005301         0.000994       40.0    
88  sn2014cx_epoch_6   II       IIP        2.9          0.001455         0.000977       85.0    
89  sn2017aww_epoch_4  II       IIP        2.9          0.002615         0.000609       34.0    
90  sn2014cx_epoch_9   II       IIP        2.8          0.001530         0.000643       381.0   
91  sn2016aqf_epoch_8  II       IIP        2.8          -0.000789        0.000627       271.0   
92  sn2014cx_epoch_5   II       IIP        2.8          0.002124         0.000999       70.0    
93  sn2018ldu_epoch_2  II       IIP        2.8          0.004107         0.000887       15.0    
94  sn2016aqf_epoch_7  II       IIP        2.8          -0.000988        0.000622       259.0   
95  sn2016aqf_epoch_9  II       IIP        2.8          0.000061         0.000627       285.0   
96  sn2013fs_epoch_4   II       IIP        2.8          0.004536         0.001120       48.0    
97  sn1996L_epoch_3    II       IIn        2.8          0.001973         0.000983       58.1    
98  sn2015ch_epoch_3   II       IIP        2.8          0.004195         0.001417       16.0    
99  sn2005cs_epoch_27  II       IIP        2.8          -0.001967        0.000772       161.8   
100 sn2018kpo_epoch_3  II       IIP        2.8          0.005071         0.000882       44.0    
101 LSQ12heq_epoch_0   II       IIn        2.8          0.001793         0.000595       8.0     
102 sn2018jkb_epoch_0  II       IIP        2.7          0.001519         0.000682       -8.0    
103 sn2013fs_epoch_5   II       IIP        2.7          0.001620         0.001026       74.0    
104 sn2004et_epoch_24  II       IIP        2.7          0.000427         0.000778       146.9   
105 sn2014cx_epoch_4   II       IIP        2.7          0.004753         0.001096       43.0    
106 sn2015bm_epoch_5   II       IIP        2.6          -0.002421        0.001598       46.0    
107 ASASSN-14ha_epoch  II       IIP        2.6          0.004128         0.000751       19.0    
108 sn2005cs_epoch_2   II       IIP        2.6          0.005495         0.001196       3.8     
109 sn2015bm_epoch_3   II       IIP        2.6          0.000400         0.001859       31.0    
110 sn2015bm_epoch_4   II       IIP        2.5          -0.000546        0.001676       39.0    
111 sn2004et_epoch_14  II       IIP        2.5          0.005563         0.001045       39.5    
112 sn2013fs_epoch_3   II       IIP        2.5          0.005329         0.001152       41.0    
113 sn2013am_epoch_2   II       IIP        2.5          0.003595         0.000929       -35.0   
114 sn2004et_epoch_16  II       IIP        2.5          0.004962         0.001023       47.4    
115 sn2004et_epoch_17  II       IIP        2.5          0.004087         0.001050       57.5    
116 sn1996L_epoch_5    II       IIn        2.4          0.001534         0.000784       322.8   
117 sn1996L_epoch_6    II       IIn        2.4          0.001534         0.000784       323.8   
118 sn2004et_epoch_15  II       IIP        2.4          0.005253         0.001242       42.0    
119 sn2019asz_epoch_3  II       IIP        2.4          0.003824         0.000737       36.0    
120 OGLE2013sn01_epoc  II       IIn        2.4          0.000019         0.000654       17.0    
121 sn2004et_epoch_13  II       IIP        2.4          0.005728         0.001269       35.1    
122 sn2004et_epoch_20  II       IIP        2.4          0.003085         0.001048       70.5    
123 sn2004et_epoch_11  II       IIP        2.4          0.006587         0.001077       34.5    
124 sn2013am_epoch_3   II       IIP        2.4          0.003117         0.000907       -29.0   
125 sn2013am_epoch_1   II       IIP        2.4          0.005435         0.001085       -42.0   
126 sn2005cs_epoch_13  II       IIP        2.3          0.004516         0.000984       12.7    
127 sn1999em_epoch_36  II       IIP        2.3          0.000054         0.000876       157.9   
128 sn2016aqf_epoch_1  II       IIP        2.3          0.001768         0.000669       303.0   
129 OGLE2013sn01_epoc  II       IIn        2.2          0.001622         0.000709       5.0     
130 sn2005cs_epoch_10  II       IIP        2.2          0.005313         0.001042       9.8     
131 sn2018eph_epoch_0  II       IIP        2.2          0.001827         0.000674       4.0     
132 sn2012ec_epoch_9   II       IIP        2.1          0.005337         0.001055       70.0    
133 PS15cww_epoch_0    II       IIP        2.0          0.001805         0.000700       6.0     